0 info it worked if it ends with ok
1 verbose cli [ '/Users/r416613/local/bin/node',
1 verbose cli   '/Users/r416613/local/bin/npm',
1 verbose cli   'run',
1 verbose cli   'start' ]
2 info using npm@3.3.12
3 info using node@v5.4.1
4 verbose run-script [ 'prestart', 'start', 'poststart' ]
5 info lifecycle react-battleship@1.0.0~prestart: react-battleship@1.0.0
6 silly lifecycle react-battleship@1.0.0~prestart: no script for prestart, continuing
7 info lifecycle react-battleship@1.0.0~start: react-battleship@1.0.0
8 verbose lifecycle react-battleship@1.0.0~start: unsafe-perm in lifecycle true
9 verbose lifecycle react-battleship@1.0.0~start: PATH: /Users/r416613/local/lib/node_modules/npm/bin/node-gyp-bin:/Users/r416613/Project/react-battleship/node_modules/.bin:/Users/r416613/local/bin:/usr/local/bin:/usr/bin:/bin:/usr/sbin:/sbin:./node_modules/.bin
10 verbose lifecycle react-battleship@1.0.0~start: CWD: /Users/r416613/Project/react-battleship
11 silly lifecycle react-battleship@1.0.0~start: Args: [ '-c', 'webpack-dev-server --progress --colors' ]
12 info lifecycle react-battleship@1.0.0~start: Failed to exec start script
13 verbose stack Error: react-battleship@1.0.0 start: `webpack-dev-server --progress --colors`
13 verbose stack spawn ENOENT
13 verbose stack     at ChildProcess.<anonymous> (/Users/r416613/local/lib/node_modules/npm/lib/utils/spawn.js:17:16)
13 verbose stack     at emitTwo (events.js:87:13)
13 verbose stack     at ChildProcess.emit (events.js:172:7)
13 verbose stack     at maybeClose (internal/child_process.js:821:16)
13 verbose stack     at Process.ChildProcess._handle.onexit (internal/child_process.js:211:5)
14 verbose pkgid react-battleship@1.0.0
15 verbose cwd /Users/r416613/Project/react-battleship
16 error Darwin 14.5.0
17 error argv "/Users/r416613/local/bin/node" "/Users/r416613/local/bin/npm" "run" "start"
18 error node v5.4.1
19 error npm  v3.3.12
20 error file sh
21 error code ELIFECYCLE
22 error errno ENOENT
23 error syscall spawn
24 error react-battleship@1.0.0 start: `webpack-dev-server --progress --colors`
24 error spawn ENOENT
25 error Failed at the react-battleship@1.0.0 start script 'webpack-dev-server --progress --colors'.
25 error Make sure you have the latest version of node.js and npm installed.
25 error If you do, this is most likely a problem with the react-battleship package,
25 error not with npm itself.
25 error Tell the author that this fails on your system:
25 error     webpack-dev-server --progress --colors
25 error You can get their info via:
25 error     npm owner ls react-battleship
25 error There is likely additional logging output above.
26 verbose exit [ 1, true ]
